0 info it worked if it ends with ok
1 verbose cli [
1 verbose cli   '/home/ross/.nvm/versions/node/v16.2.0/bin/node',
1 verbose cli   '/home/ross/.nvm/versions/node/v16.2.0/bin/npm',
1 verbose cli   'run',
1 verbose cli   'dev'
1 verbose cli ]
2 info using npm@3.10.3
3 info using node@v16.2.0
4 verbose run-script [ 'predev', 'dev', 'postdev' ]
5 info lifecycle js-template@1.0.0~predev: js-template@1.0.0
6 silly lifecycle js-template@1.0.0~predev: no script for predev, continuing
7 info lifecycle js-template@1.0.0~dev: js-template@1.0.0
8 verbose lifecycle js-template@1.0.0~dev: unsafe-perm in lifecycle true
9 verbose lifecycle js-template@1.0.0~dev: PATH: /home/ross/.nvm/versions/node/v16.2.0/lib/node_modules/npm/bin/node-gyp-bin:/home/ross/Desktop/Niko-tc/API-based-app/node_modules/.bin:/home/ross/.nvm/versions/node/v16.2.0/bin:/home/ross/.nvm/versions/node/v16.2.0/lib/node_modules/npm/bin/node-gyp-bin:/home/ross/Desktop/Niko-tc/API-based-app/node_modules/.bin:/home/ross/.nvm/versions/node/v16.2.0/bin:/home/ross/.nvm/versions/node/v16.2.0/bin:/usr/local/sbin:/usr/local/bin:/usr/sbin:/usr/bin:/sbin:/bin:/usr/games:/usr/local/games:/snap/bin
10 verbose lifecycle js-template@1.0.0~dev: CWD: /home/ross/Desktop/Niko-tc/API-based-app
11 silly lifecycle js-template@1.0.0~dev: Args: [
11 silly lifecycle   '-c',
11 silly lifecycle   'npx webpack -w --config webpack.config.js --mode development'
11 silly lifecycle ]
12 silly lifecycle js-template@1.0.0~dev: Returned: code: 1  signal: null
13 info lifecycle js-template@1.0.0~dev: Failed to exec dev script
14 verbose stack Error: js-template@1.0.0 dev: `npx webpack -w --config webpack.config.js --mode development`
14 verbose stack Exit status 1
14 verbose stack     at EventEmitter.<anonymous> (/home/ross/.nvm/versions/node/v16.2.0/lib/node_modules/npm/lib/utils/lifecycle.js:242:16)
14 verbose stack     at EventEmitter.emit (node:events:365:28)
14 verbose stack     at ChildProcess.<anonymous> (/home/ross/.nvm/versions/node/v16.2.0/lib/node_modules/npm/lib/utils/spawn.js:40:14)
14 verbose stack     at ChildProcess.emit (node:events:365:28)
14 verbose stack     at maybeClose (node:internal/child_process:1067:16)
14 verbose stack     at Process.ChildProcess._handle.onexit (node:internal/child_process:301:5)
15 verbose pkgid js-template@1.0.0
16 verbose cwd /home/ross/Desktop/Niko-tc/API-based-app
17 error Linux 5.11.0-37-generic
18 error argv "/home/ross/.nvm/versions/node/v16.2.0/bin/node" "/home/ross/.nvm/versions/node/v16.2.0/bin/npm" "run" "dev"
19 error node v16.2.0
20 error npm  v3.10.3
21 error code ELIFECYCLE
22 error js-template@1.0.0 dev: `npx webpack -w --config webpack.config.js --mode development`
22 error Exit status 1
23 error Failed at the js-template@1.0.0 dev script 'npx webpack -w --config webpack.config.js --mode development'.
23 error Make sure you have the latest version of node.js and npm installed.
23 error If you do, this is most likely a problem with the js-template package,
23 error not with npm itself.
23 error Tell the author that this fails on your system:
23 error     npx webpack -w --config webpack.config.js --mode development
23 error You can get information on how to open an issue for this project with:
23 error     npm bugs js-template
23 error Or if that isn't available, you can get their info via:
23 error     npm owner ls js-template
23 error There is likely additional logging output above.
24 verbose exit [ 1, true ]
